<?xml version="1.0" encoding="UTF-8"?>
<!-- Generated by org.testng.reporters.JUnitReportReporter -->
<testsuite hostname="Ravisankar" failures="0" tests="1" name="excutablefiles.BaseClass" time="3.667" errors="0" timestamp="2024-11-14T13:38:07 IST" skipped="0">
  <testcase classname="excutablefiles.BaseClass" name="Login" time="3.667"/>
  <system-out/>
</testsuite> <!-- excutablefiles.BaseClass -->
